# JRE version: OpenJDK Runtime Environment JBR-17.0.5+1-653.23-jcef (17.0.5+1) (build 17.0.5+1-b653.23)
# Java VM: OpenJDK 64-Bit Server VM JBR-17.0.5+1-653.23-jcef (17.0.5+1-b653.23, mixed mode, tiered, compressed oops, compressed class ptrs, g1 gc, linux-amd64)
GC Precious Log:
 CPUs: 16 total, 16 available
 Memory: 32018M
 Large Page Support: Disabled
 NUMA Support: Disabled
 Compressed Oops: Enabled (Zero based)
 Heap Region Size: 4M
 Heap Min Capacity: 8M
 Heap Initial Capacity: 504M
 Heap Max Capacity: 8G
 Pre-touch: Disabled
 Parallel Workers: 13
 Concurrent Workers: 3
 Concurrent Refinement Workers: 13
 Periodic GC: Disabled
Heap:
 garbage-first heap   total 319488K, used 148544K [0x0000000600000000, 0x0000000800000000)
  region size 4096K, 25 young (102400K), 1 survivors (4096K)
 Metaspace       used 30454K, committed 30784K, reserved 1081344K
  class space    used 3839K, committed 3968K, reserved 1048576K
GC Heap History (20 events):
Event: 13.376 GC heap before
{Heap before GC invocations=25 (full 0):
 garbage-first heap   total 319488K, used 236660K [0x0000000600000000, 0x0000000800000000)
  region size 4096K, 46 young (188416K), 1 survivors (4096K)
 Metaspace       used 30176K, committed 30464K, reserved 1081344K
  class space    used 3831K, committed 3968K, reserved 1048576K
}
Event: 13.377 GC heap after
{Heap after GC invocations=26 (full 0):
 garbage-first heap   total 319488K, used 52523K [0x0000000600000000, 0x0000000800000000)
  region size 4096K, 1 young (4096K), 1 survivors (4096K)
 Metaspace       used 30176K, committed 30464K, reserved 1081344K
  class space    used 3831K, committed 3968K, reserved 1048576K
}
Event: 13.524 GC heap before
{Heap before GC invocations=26 (full 0):
 garbage-first heap   total 319488K, used 236843K [0x0000000600000000, 0x0000000800000000)
  region size 4096K, 46 young (188416K), 1 survivors (4096K)
 Metaspace       used 30176K, committed 30464K, reserved 1081344K
  class space    used 3831K, committed 3968K, reserved 1048576K
}
Event: 13.525 GC heap after
{Heap after GC invocations=27 (full 0):
 garbage-first heap   total 319488K, used 52740K [0x0000000600000000, 0x0000000800000000)
  region size 4096K, 1 young (4096K), 1 survivors (4096K)
 Metaspace       used 30176K, committed 30464K, reserved 1081344K
  class space    used 3831K, committed 3968K, reserved 1048576K
}
Event: 13.678 GC heap before
{Heap before GC invocations=27 (full 0):
 garbage-first heap   total 319488K, used 237060K [0x0000000600000000, 0x0000000800000000)
  region size 4096K, 46 young (188416K), 1 survivors (4096K)
 Metaspace       used 30176K, committed 30464K, reserved 1081344K
  class space    used 3831K, committed 3968K, reserved 1048576K
}
Event: 13.679 GC heap after
{Heap after GC invocations=28 (full 0):
 garbage-first heap   total 319488K, used 52933K [0x0000000600000000, 0x0000000800000000)
  region size 4096K, 1 young (4096K), 1 survivors (4096K)
 Metaspace       used 30176K, committed 30464K, reserved 1081344K
  class space    used 3831K, committed 3968K, reserved 1048576K
}
Event: 13.826 GC heap before
{Heap before GC invocations=28 (full 0):
 garbage-first heap   total 319488K, used 237253K [0x0000000600000000, 0x0000000800000000)
  region size 4096K, 46 young (188416K), 1 survivors (4096K)
 Metaspace       used 30176K, committed 30464K, reserved 1081344K
  class space    used 3831K, committed 3968K, reserved 1048576K
}
Event: 13.827 GC heap after
{Heap after GC invocations=29 (full 0):
 garbage-first heap   total 319488K, used 53167K [0x0000000600000000, 0x0000000800000000)
  region size 4096K, 1 young (4096K), 1 survivors (4096K)
 Metaspace       used 30176K, committed 30464K, reserved 1081344K
  class space    used 3831K, committed 3968K, reserved 1048576K
}
Event: 13.959 GC heap before
{Heap before GC invocations=29 (full 0):
 garbage-first heap   total 319488K, used 237487K [0x0000000600000000, 0x0000000800000000)
  region size 4096K, 46 young (188416K), 1 survivors (4096K)
 Metaspace       used 30176K, committed 30464K, reserved 1081344K
  class space    used 3831K, committed 3968K, reserved 1048576K
}
Event: 13.959 GC heap after
{Heap after GC invocations=30 (full 0):
 garbage-first heap   total 319488K, used 53332K [0x0000000600000000, 0x0000000800000000)
  region size 4096K, 1 young (4096K), 1 survivors (4096K)
 Metaspace       used 30176K, committed 30464K, reserved 1081344K
  class space    used 3831K, committed 3968K, reserved 1048576K
}
Event: 14.089 GC heap before
{Heap before GC invocations=30 (full 0):
 garbage-first heap   total 319488K, used 237652K [0x0000000600000000, 0x0000000800000000)
  region size 4096K, 46 young (188416K), 1 survivors (4096K)
 Metaspace       used 30176K, committed 30464K, reserved 1081344K
  class space    used 3831K, committed 3968K, reserved 1048576K
}
Event: 14.090 GC heap after
{Heap after GC invocations=31 (full 0):
 garbage-first heap   total 319488K, used 53536K [0x0000000600000000, 0x0000000800000000)
  region size 4096K, 1 young (4096K), 1 survivors (4096K)
 Metaspace       used 30176K, committed 30464K, reserved 1081344K
  class space    used 3831K, committed 3968K, reserved 1048576K
}
Event: 14.216 GC heap before
{Heap before GC invocations=31 (full 0):
 garbage-first heap   total 319488K, used 237856K [0x0000000600000000, 0x0000000800000000)
  region size 4096K, 46 young (188416K), 1 survivors (4096K)
 Metaspace       used 30176K, committed 30464K, reserved 1081344K
  class space    used 3831K, committed 3968K, reserved 1048576K
}
Event: 14.216 GC heap after
{Heap after GC invocations=32 (full 0):
 garbage-first heap   total 319488K, used 53762K [0x0000000600000000, 0x0000000800000000)
  region size 4096K, 1 young (4096K), 1 survivors (4096K)
 Metaspace       used 30176K, committed 30464K, reserved 1081344K
  class space    used 3831K, committed 3968K, reserved 1048576K
}
Event: 14.340 GC heap before
{Heap before GC invocations=32 (full 0):
 garbage-first heap   total 319488K, used 238082K [0x0000000600000000, 0x0000000800000000)
  region size 4096K, 46 young (188416K), 1 survivors (4096K)
 Metaspace       used 30176K, committed 30464K, reserved 1081344K
  class space    used 3831K, committed 3968K, reserved 1048576K
}
Event: 14.340 GC heap after
{Heap after GC invocations=33 (full 0):
 garbage-first heap   total 319488K, used 53938K [0x0000000600000000, 0x0000000800000000)
  region size 4096K, 1 young (4096K), 1 survivors (4096K)
 Metaspace       used 30176K, committed 30464K, reserved 1081344K
  class space    used 3831K, committed 3968K, reserved 1048576K
}
Event: 14.465 GC heap before
{Heap before GC invocations=33 (full 0):
 garbage-first heap   total 319488K, used 238258K [0x0000000600000000, 0x0000000800000000)
  region size 4096K, 46 young (188416K), 1 survivors (4096K)
 Metaspace       used 30176K, committed 30464K, reserved 1081344K
  class space    used 3831K, committed 3968K, reserved 1048576K
}
Event: 14.466 GC heap after
{Heap after GC invocations=34 (full 0):
 garbage-first heap   total 319488K, used 54185K [0x0000000600000000, 0x0000000800000000)
  region size 4096K, 1 young (4096K), 1 survivors (4096K)
 Metaspace       used 30176K, committed 30464K, reserved 1081344K
  class space    used 3831K, committed 3968K, reserved 1048576K
}
Event: 14.586 GC heap before
{Heap before GC invocations=34 (full 0):
 garbage-first heap   total 319488K, used 238505K [0x0000000600000000, 0x0000000800000000)
  region size 4096K, 46 young (188416K), 1 survivors (4096K)
 Metaspace       used 30176K, committed 30464K, reserved 1081344K
  class space    used 3831K, committed 3968K, reserved 1048576K
}
Event: 14.587 GC heap after
{Heap after GC invocations=35 (full 0):
 garbage-first heap   total 319488K, used 54336K [0x0000000600000000, 0x0000000800000000)
  region size 4096K, 1 young (4096K), 1 survivors (4096K)
 Metaspace       used 30176K, committed 30464K, reserved 1081344K
  class space    used 3831K, committed 3968K, reserved 1048576K
}

